<?xml version="1.0" encoding="UTF-8"?>
<!-- Generated by org.testng.reporters.JUnitReportReporter -->
<testsuite skipped="0" hostname="DESKTOP-6FOGPDV" name="com.qa.automation.runners.Runner" tests="1" failures="0" timestamp="04 Oct 2021 06:02:21 GMT" time="33.963" errors="0">
  <testcase name="runScenario" time="33.963" classname="com.qa.automation.runners.Runner"/>
</testsuite> <!-- com.qa.automation.runners.Runner -->
